<?xml version="1.0" encoding="UTF-8"?>
<coverage generated="1725443424840" clover="3.2.0">
  <project timestamp="1725443424840" name="All files">
    <metrics statements="24" coveredstatements="22" conditionals="0" coveredconditionals="0" methods="5" coveredmethods="5" elements="29" coveredelements="27" complexity="0" loc="24" ncloc="24" packages="1" files="1" classes="1"/>
    <file name="server.js" path="C:\IITC\IsraelGithub\04.09.2024\server.js">
      <metrics statements="24" coveredstatements="22" conditionals="0" coveredconditionals="0" methods="5" coveredmethods="5"/>
      <line num="1" count="1" type="stmt"/>
      <line num="2" count="1" type="stmt"/>
      <line num="3" count="1" type="stmt"/>
      <line num="4" count="1" type="stmt"/>
      <line num="6" count="1" type="stmt"/>
      <line num="7" count="1" type="stmt"/>
      <line num="9" count="1" type="stmt"/>
      <line num="25" count="1" type="stmt"/>
      <line num="26" count="1" type="stmt"/>
      <line num="29" count="1" type="stmt"/>
      <line num="30" count="2" type="stmt"/>
      <line num="33" count="1" type="stmt"/>
      <line num="34" count="1" type="stmt"/>
      <line num="38" count="1" type="stmt"/>
      <line num="39" count="2" type="stmt"/>
      <line num="46" count="2" type="stmt"/>
      <line num="47" count="2" type="stmt"/>
      <line num="53" count="2" type="stmt"/>
      <line num="59" count="2" type="stmt"/>
      <line num="67" count="0" type="stmt"/>
      <line num="68" count="0" type="stmt"/>
      <line num="73" count="1" type="stmt"/>
      <line num="74" count="1" type="stmt"/>
      <line num="77" count="1" type="stmt"/>
    </file>
  </project>
</coverage>
