{"C:\\IITC\\IsraelGithub\\04.09.2024\\server.js": {"path":"C:\\IITC\\IsraelGithub\\04.09.2024\\server.js","statementMap":{"0":{"start":{"line":1,"column":16},"end":{"line":1,"column":34}},"1":{"start":{"line":2,"column":12},"end":{"line":2,"column":28}},"2":{"start":{"line":3,"column":14},"end":{"line":3,"column":30}},"3":{"start":{"line":4,"column":0},"end":{"line":4,"column":27}},"4":{"start":{"line":6,"column":12},"end":{"line":6,"column":21}},"5":{"start":{"line":7,"column":13},"end":{"line":7,"column":17}},"6":{"start":{"line":9,"column":17},"end":{"line":24,"column":1}},"7":{"start":{"line":25,"column":0},"end":{"line":27,"column":2}},"8":{"start":{"line":26,"column":2},"end":{"line":26,"column":19}},"9":{"start":{"line":29,"column":0},"end":{"line":31,"column":2}},"10":{"start":{"line":30,"column":2},"end":{"line":30,"column":15}},"11":{"start":{"line":33,"column":0},"end":{"line":35,"column":2}},"12":{"start":{"line":34,"column":2},"end":{"line":34,"column":15}},"13":{"start":{"line":38,"column":0},"end":{"line":70,"column":3}},"14":{"start":{"line":39,"column":2},"end":{"line":69,"column":3}},"15":{"start":{"line":46,"column":18},"end":{"line":46,"column":71}},"16":{"start":{"line":47,"column":17},"end":{"line":50,"column":5}},"17":{"start":{"line":53,"column":21},"end":{"line":57,"column":5}},"18":{"start":{"line":59,"column":4},"end":{"line":62,"column":7}},"19":{"start":{"line":67,"column":4},"end":{"line":67,"column":36}},"20":{"start":{"line":68,"column":4},"end":{"line":68,"column":41}},"21":{"start":{"line":73,"column":0},"end":{"line":75,"column":3}},"22":{"start":{"line":74,"column":2},"end":{"line":74,"column":63}},"23":{"start":{"line":77,"column":0},"end":{"line":77,"column":21}}},"fnMap":{"0":{"name":"(anonymous_0)","decl":{"start":{"line":25,"column":10},"end":{"line":25,"column":11}},"loc":{"start":{"line":25,"column":22},"end":{"line":27,"column":1}},"line":25},"1":{"name":"(anonymous_1)","decl":{"start":{"line":29,"column":10},"end":{"line":29,"column":11}},"loc":{"start":{"line":29,"column":20},"end":{"line":31,"column":1}},"line":29},"2":{"name":"(anonymous_2)","decl":{"start":{"line":33,"column":15},"end":{"line":33,"column":16}},"loc":{"start":{"line":33,"column":25},"end":{"line":35,"column":1}},"line":33},"3":{"name":"(anonymous_3)","decl":{"start":{"line":38,"column":17},"end":{"line":38,"column":18}},"loc":{"start":{"line":38,"column":37},"end":{"line":70,"column":1}},"line":38},"4":{"name":"(anonymous_4)","decl":{"start":{"line":73,"column":17},"end":{"line":73,"column":18}},"loc":{"start":{"line":73,"column":23},"end":{"line":75,"column":1}},"line":73}},"branchMap":{},"s":{"0":1,"1":1,"2":1,"3":1,"4":1,"5":1,"6":1,"7":1,"8":1,"9":1,"10":2,"11":1,"12":1,"13":1,"14":2,"15":2,"16":2,"17":2,"18":2,"19":0,"20":0,"21":1,"22":1,"23":1},"f":{"0":1,"1":2,"2":1,"3":2,"4":1},"b":{},"_coverageSchema":"1a1c01bbd47fc00a2c39e90264f33305004495a9","hash":"7757c2bc861ddbfdae4729c6c49a6a726d4d92df"}
}
